2025-01-09 17:58:50,925 [INFO] 访问主页
2025-01-09 17:58:54,539 [INFO] 收到下载请求: https://youtube.com/shorts/Pn4Nx-r3GHk?si=79x2S8XUB_khh9nl
2025-01-09 17:58:54,539 [INFO] 开始下载视频: https://youtube.com/shorts/Pn4Nx-r3GHk?si=79x2S8XUB_khh9nl
2025-01-09 17:58:54,672 [INFO] 正在获取视频信息...
2025-01-09 17:58:59,081 [INFO] 视频信息: Oh My God😰Wait For End😳Come on Bro that’s now our Diet😂😂#viral #photography #reels #animals #usa
2025-01-09 17:58:59,081 [INFO] 开始下载文件...
2025-01-09 17:59:08,519 [INFO] 视频 Pn4Nx-r3GHk 下载完成
2025-01-09 17:59:13,773 [INFO] 视频 Pn4Nx-r3GHk 下载完成
2025-01-09 17:59:14,465 [INFO] 文件下载完成
2025-01-09 17:59:14,465 [INFO] 计算文件大小: 1.8254337310791016MB
2025-01-09 17:59:14,475 [INFO] 视频信息已保存到数据库，文件大小: 1.83MB
2025-01-09 17:59:23,687 [INFO] 访问主页
2025-01-09 17:59:49,880 [INFO] 访问主页
2025-01-09 18:04:59,382 [INFO] 访问主页
2025-01-09 18:05:12,347 [INFO] 收到下载请求: https://youtube.com/shorts/zF442Q7sSRE?si=idbLIxXB-d7HUEvL
2025-01-09 18:05:12,347 [INFO] 开始下载视频: https://youtube.com/shorts/zF442Q7sSRE?si=idbLIxXB-d7HUEvL
2025-01-09 18:05:12,468 [ERROR] 下载失败: 'ThumbnailsConvertorPP'
2025-01-09 18:05:50,952 [INFO] 访问主页
2025-01-09 18:06:58,434 [INFO] 访问主页
2025-01-09 18:07:09,630 [INFO] 收到下载请求: https://youtube.com/shorts/zF442Q7sSRE?si=idbLIxXB-d7HUEvL
2025-01-09 18:07:09,631 [INFO] 开始下载视频: https://youtube.com/shorts/zF442Q7sSRE?si=idbLIxXB-d7HUEvL
2025-01-09 18:07:09,791 [INFO] 正在获取视频信息...
2025-01-09 18:07:14,134 [INFO] 视频信息: Ссылка в описании #подпишись #шортс #кот #ии #а4 #популярное #втренде
2025-01-09 18:07:14,134 [INFO] 开始下载文件...
2025-01-09 18:07:25,563 [INFO] 视频 zF442Q7sSRE 下载完成
2025-01-09 18:07:31,527 [INFO] 视频 zF442Q7sSRE 下载完成
2025-01-09 18:07:32,271 [INFO] 文件下载完成
2025-01-09 18:07:32,272 [INFO] 计算文件大小: 1.8304872512817383MB
2025-01-09 18:07:32,272 [WARNING] 未找到缩略图，尝试从视频中提取...
2025-01-09 18:07:32,272 [ERROR] 从视频提取缩略图失败: cannot access local variable 'subprocess' where it is not associated with a value
2025-01-09 18:07:32,281 [INFO] 视频信息已保存到数据库，文件大小: 1.83MB
2025-01-09 18:07:32,287 [INFO] 访问主页
2025-01-09 18:07:39,155 [INFO] 访问主页
2025-01-09 18:10:28,954 [INFO] 访问主页
2025-01-09 18:10:39,692 [INFO] 收到下载请求: https://youtube.com/shorts/-CY1bWJXKKc?si=_FTqVsWU8dhUWkR5
2025-01-09 18:10:39,693 [INFO] 开始下载视频: https://youtube.com/shorts/-CY1bWJXKKc?si=_FTqVsWU8dhUWkR5
2025-01-09 18:10:39,883 [INFO] 正在获取视频信息...
2025-01-09 18:10:44,679 [INFO] 视频信息: Sebastian vs Mom 😱 WHAT?!
2025-01-09 18:10:44,679 [INFO] 开始下载文件...
2025-01-09 18:10:56,042 [INFO] 视频 -CY1bWJXKKc 下载完成
2025-01-09 18:11:00,477 [INFO] 视频 -CY1bWJXKKc 下载完成
2025-01-09 18:11:00,900 [INFO] 文件下载完成
2025-01-09 18:11:00,901 [INFO] 计算文件大小: 1.2532873153686523MB
2025-01-09 18:11:00,901 [INFO] 未找到缩略图，从视频中提取...
2025-01-09 18:11:01,333 [INFO] 视频信息已保存到数据库，文件大小: 1.25MB
2025-01-09 18:11:32,233 [INFO] 访问主页
